This is pdfTeX, Version 3.1415926-1.40.10 (TeX Live 2009/Debian) (format=pdflatex 2013.4.8)  16 JUN 2013 23:15
entering extended mode
 %&-line parsing enabled.
**fpa.tex
(./fpa.tex
LaTeX2e <2009/09/24>
Babel <v3.8l> and hyphenation patterns for english, usenglishmax, dumylang, noh
yphenation, loaded.
(./revtex4-1.cls
Document Class: revtex4-1 2010/07/25/20:33:00 4.1r (http://publish.aps.org/revt
ex4/ for documentation)
 Copyright (c) 2009 The American Physical Society.
 mailto:revtex@aps.org
 Licensed under the LPPL:
http://www.ctan.org/tex-archive/macros/latex/base/lppl.txt
 Arthur Ogawa <arthur_ogawa at sbcglobal dot net>
 Based on work by David Carlisle <david at dcarlisle.demon.co.uk>.
ltxutil[2010/07/25/20:33:00 4.1r utilities package (portions licensed from W. E
. Baxter web at superscript.com)]
LaTeX Info: Redefining \@centercr on input line 308.
Class revtex4-1 Info: Repairing broken LaTeX eqnarray on input line 358.
\eqncolsep=\skip41
Class revtex4-1 Info: Repairing hyperref-unfriendly LaTeX definition of \mpfoot
note on input line 433.
Class revtex4-1 Info: Repairing broken LateX \@sect on input line 755.
\intertabularlinepenalty=\count79
\@tbpen=\count80
\@arstrutbox@hline=\box26
Class revtex4-1 Info: Repairing broken LaTeX \@xbitor on input line 1786.
Class revtex4-1 Info: Making \typeout \long on input line 2046.
ltxfront[2010/07/25/20:33:00 4.1r frontmatter package (AO,DPC)]
\c@affil=\count81
\c@collab=\count82
\absbox=\box27
ltxgrid[2010/07/25/20:33:00 4.1r page grid package (portions licensed from W. E
. Baxter web at superscript.com)]
\c@linecount=\count83
\output@latex=\toks14
\box@size@1=\box28
\box@size@2=\box29
\@protection@box=\box30
\@topmark@saved=\toks15
\footins@saved=\box31
\footins@recovered=\box32
\column@recovered=\box33
\pagesofar=\box34
\footsofar=\box35
\pagegrid@col=\count84
Class revtex4-1 Info: Overriding \@vspace, \@vspacer, \@no@pgbk, \@newline, and
 \\  on input line 5578.
\c@part=\count85
\c@section=\count86
\c@subsection=\count87
\c@subsubsection=\count88
\c@paragraph=\count89
\c@subparagraph=\count90
\abovecaptionskip=\skip42
\belowcaptionskip=\skip43
\c@figure=\count91
\fbox@1=\box36
\c@table=\count92
\fbox@2=\box37
\c@video=\count93
\fbox@4=\box38
\@bibdataout=\write3
\widetext@top=\box39
\widetext@bot=\box40
Class revtex4-1 Info: Selecting society aps on input line 7542.
(./aps4-1.rtx
File: aps4-1 2010/07/25/20:33:00 4.1r (http://publish.aps.org/revtex4/ for docu
mentation)
Class revtex4-1 Info: RevTeX society APS selected on input line 31.
)

Class revtex4-1 Warning: No journal specified, using default pra.

Class revtex4-1 Info: APS journal PRA selected on input line 7545.
(./aps10pt4-1.rtx
File: aps10pt4-1 2010/07/25/20:33:00 4.1r (http://publish.aps.org/revtex4/ for 
documentation)
Class revtex4-1 Info: RevTeX pointsize 10pt selected on input line 30.
) (/usr/share/texmf-texlive/tex/latex/textcase/textcase.sty
Package: textcase 2004/10/07 v0.07 Text only upper/lower case changing (DPC)
)
(/usr/share/texmf-texlive/tex/latex/amsfonts/amssymb.sty
Package: amssymb 2009/06/22 v3.00

(/usr/share/texmf-texlive/tex/latex/amsfonts/amsfonts.sty
Package: amsfonts 2009/06/22 v3.00 Basic AMSFonts support
\@emptytoks=\toks16
\symAMSa=\mathgroup4
\symAMSb=\mathgroup5
LaTeX Font Info:    Overwriting math alphabet `\mathfrak' in version `bold'
(Font)                  U/euf/m/n --> U/euf/b/n on input line 96.
))
(/usr/share/texmf-texlive/tex/latex/amsmath/amsmath.sty
Package: amsmath 2000/07/18 v2.13 AMS math features
\@mathmargin=\skip44

For additional information on amsmath, use the `?' option.
(/usr/share/texmf-texlive/tex/latex/amsmath/amstext.sty
Package: amstext 2000/06/29 v2.01

(/usr/share/texmf-texlive/tex/latex/amsmath/amsgen.sty
File: amsgen.sty 1999/11/30 v2.0
\@emptytoks=\toks17
\ex@=\dimen102
)
LaTeX Info: Redefining \text on input line 53.
)
(/usr/share/texmf-texlive/tex/latex/amsmath/amsbsy.sty
Package: amsbsy 1999/11/29 v1.2d
\pmbraise@=\dimen103
)
(/usr/share/texmf-texlive/tex/latex/amsmath/amsopn.sty
Package: amsopn 1999/12/14 v2.01 operator names
)
\inf@bad=\count94
LaTeX Info: Redefining \frac on input line 211.
\uproot@=\count95
\leftroot@=\count96
LaTeX Info: Redefining \overline on input line 307.
\classnum@=\count97
\DOTSCASE@=\count98
LaTeX Info: Redefining \ldots on input line 379.
LaTeX Info: Redefining \dots on input line 382.
LaTeX Info: Redefining \cdots on input line 467.
\Mathstrutbox@=\box41
\strutbox@=\box42
\big@size=\dimen104
LaTeX Font Info:    Redeclaring font encoding OML on input line 567.
LaTeX Font Info:    Redeclaring font encoding OMS on input line 568.
\macc@depth=\count99
\c@MaxMatrixCols=\count100
\dotsspace@=\muskip10
\c@parentequation=\count101
\dspbrk@lvl=\count102
\tag@help=\toks18
\row@=\count103
\column@=\count104
\maxfields@=\count105
\andhelp@=\toks19
\eqnshift@=\dimen105
\alignsep@=\dimen106
\tagshift@=\dimen107
\tagwidth@=\dimen108
\totwidth@=\dimen109
\lineht@=\dimen110
\@envbody=\toks20
\multlinegap=\skip45
\multlinetaggap=\skip46
\mathdisplay@stack=\toks21
LaTeX Info: Redefining \[ on input line 2666.
LaTeX Info: Redefining \] on input line 2667.
) (./url.sty
\Urlmuskip=\muskip11
Package: url 2006/04/12  ver 3.3  Verb mode for urls, etc.
)
(/usr/share/texmf-texlive/tex/latex/natbib/natbib.sty
Package: natbib 2009/07/16 8.31 (PWD, AO)
\bibhang=\skip47
\bibsep=\skip48
LaTeX Info: Redefining \cite on input line 694.
\c@NAT@ctr=\count106
)

LaTeX Warning: You have requested, on input line 7549, version
               `2009/11/07 8.31a (PWD, AO)' of package natbib,
               but only version
               `2009/07/16 8.31 (PWD, AO)'
               is available.

(./revsymb4-1.sty
Package: revsymb4-1 2010/07/25/20:33:00 4.1r (http://publish.aps.org/revtex4/ f
or documentation)
LaTeX Info: Redefining \frak on input line 95.
LaTeX Info: Redefining \Bbb on input line 111.
LaTeX Info: Redefining \REV@mathfrak on input line 119.
)) (/usr/share/texmf-texlive/tex/latex/wrapfig/wrapfig.sty
\wrapoverhang=\dimen111
\WF@size=\dimen112
\c@WF@wrappedlines=\count107
\WF@box=\box43
\WF@everypar=\toks22
Package: wrapfig 2003/01/31  v 3.6
)
(/usr/share/texmf-texlive/tex/latex/caption/caption.sty
Package: caption 2009/10/09 v3.1k Customizing captions (AR)

(/usr/share/texmf-texlive/tex/latex/caption/caption3.sty
Package: caption3 2009/10/09 v3.1k caption3 kernel (AR)

(/usr/share/texmf-texlive/tex/latex/graphics/keyval.sty
Package: keyval 1999/03/16 v1.13 key=value parser (DPC)
\KV@toks@=\toks23
)
\captionmargin=\dimen113
\captionmargin@=\dimen114
\captionwidth=\dimen115
\caption@indent=\dimen116
\caption@parindent=\dimen117
\caption@hangindent=\dimen118
Package caption Info: Unknown document class (or package),
(caption)             standard defaults will be used on input line 1068.
)

Package caption Warning: Unsupported document class (or package) detected,
(caption)                usage of the caption package is not recommended.
See the caption package documentation for explanation.

Package caption Info: \@makecaption = \long macro:#1#2->\par \vskip \abovecapti
onskip \begingroup \small \rmfamily \sbox \@tempboxa {\let \\\heading@cr \@make
@capt@title {#1}{#2}}\@ifdim {\wd \@tempboxa >\hsize }{\begingroup \samepage \f
lushing \let \footnote \@footnotemark@gobble \@make@capt@title {#1}{#2}\par \en
dgroup }{\global \@minipagefalse \hb@xt@ \hsize {\hfil \unhbox \@tempboxa \hfil
 }}\endgroup \vskip \belowcaptionskip .
\c@ContinuedFloat=\count108
Package caption Info: wrapfig package is loaded.
) (/usr/share/texmf-texlive/tex/latex/subfig/subfig.sty
Package: subfig 2005/06/28 ver: 1.3 subfig package
\c@KVtest=\count109
\sf@farskip=\skip49
\sf@captopadj=\dimen119
\sf@capskip=\skip50
\sf@nearskip=\skip51
\c@subfigure=\count110
\c@subfigure@save=\count111
\c@lofdepth=\count112
\c@subtable=\count113
\c@subtable@save=\count114
\c@lotdepth=\count115
\sf@top=\skip52
\sf@bottom=\skip53
)
(/usr/share/texmf-texlive/tex/latex/graphics/graphicx.sty
Package: graphicx 1999/02/16 v1.0f Enhanced LaTeX Graphics (DPC,SPQR)

(/usr/share/texmf-texlive/tex/latex/graphics/graphics.sty
Package: graphics 2009/02/05 v1.0o Standard LaTeX Graphics (DPC,SPQR)

(/usr/share/texmf-texlive/tex/latex/graphics/trig.sty
Package: trig 1999/03/16 v1.09 sin cos tan (DPC)
)
(/etc/texmf/tex/latex/config/graphics.cfg
File: graphics.cfg 2009/08/28 v1.8 graphics configuration of TeX Live
)
Package graphics Info: Driver file: pdftex.def on input line 91.

(/usr/share/texmf-texlive/tex/latex/pdftex-def/pdftex.def
File: pdftex.def 2010/03/12 v0.04p Graphics/color for pdfTeX
\Gread@gobject=\count116
))
\Gin@req@height=\dimen120
\Gin@req@width=\dimen121
)
(/usr/share/texmf-texlive/tex/latex/multirow/multirow.sty
\bigstrutjot=\dimen122
)
(/usr/share/texmf-texlive/tex/latex/booktabs/booktabs.sty
Package: booktabs 2005/04/14 v1.61803 publication quality tables
\heavyrulewidth=\dimen123
\lightrulewidth=\dimen124
\cmidrulewidth=\dimen125
\belowrulesep=\dimen126
\belowbottomsep=\dimen127
\aboverulesep=\dimen128
\abovetopsep=\dimen129
\cmidrulesep=\dimen130
\cmidrulekern=\dimen131
\defaultaddspace=\dimen132
\@cmidla=\count117
\@cmidlb=\count118
\@aboverulesep=\dimen133
\@belowrulesep=\dimen134
\@thisruleclass=\count119
\@lastruleclass=\count120
\@thisrulewidth=\dimen135
)
(/usr/share/texmf-texlive/tex/latex/oberdiek/epstopdf.sty
Package: epstopdf 2009/10/17 v2.4 Conversion with epstopdf on the fly (HO)

(/usr/share/texmf-texlive/tex/latex/oberdiek/epstopdf-base.sty
Package: epstopdf-base 2009/10/17 v2.4 Base part for package epstopdf

(/usr/share/texmf-texlive/tex/generic/oberdiek/infwarerr.sty
Package: infwarerr 2007/09/09 v1.2 Providing info/warning/message (HO)
)
(/usr/share/texmf-texlive/tex/latex/oberdiek/grfext.sty
Package: grfext 2007/09/30 v1.0 Managing graphics extensions (HO)
)
(/usr/share/texmf-texlive/tex/latex/oberdiek/kvoptions.sty
Package: kvoptions 2009/08/13 v3.4 Keyval support for LaTeX options (HO)

(/usr/share/texmf-texlive/tex/generic/oberdiek/kvsetkeys.sty
Package: kvsetkeys 2009/07/30 v1.5 Key value parser with default handler suppor
t (HO)

(/usr/share/texmf-texlive/tex/generic/oberdiek/etexcmds.sty
Package: etexcmds 2007/12/12 v1.2 Prefix for e-TeX command names (HO)
Package etexcmds Info: Could not find \expanded.
(etexcmds)             That can mean that you are not using pdfTeX 1.50 or
(etexcmds)             that some package has redefined \expanded.
(etexcmds)             In the latter case, load this package earlier.
)))
(/usr/share/texmf-texlive/tex/generic/oberdiek/pdftexcmds.sty
Package: pdftexcmds 2009/09/23 v0.6 LuaTeX support for pdfTeX utility functions
 (HO)

(/usr/share/texmf-texlive/tex/generic/oberdiek/ifluatex.sty
Package: ifluatex 2009/04/17 v1.2 Provides the ifluatex switch (HO)
Package ifluatex Info: LuaTeX not detected.
)
(/usr/share/texmf-texlive/tex/generic/oberdiek/ltxcmds.sty
Package: ltxcmds 2009/08/05 v1.0 Some LaTeX kernel commands for general use (HO
)
)
Package pdftexcmds Info: LuaTeX not detected.
Package pdftexcmds Info: \pdf@primitive is available.
Package pdftexcmds Info: \pdf@ifprimitive is available.
)

Package epstopdf Warning: Shell escape feature is not enabled.

Package grfext Info: Graphics extension search list:
(grfext)             [.png,.pdf,.jpg,.mps,.jpeg,.jbig2,.jb2,.PNG,.PDF,.JPG,.JPE
G,.JBIG2,.JB2,.eps]
(grfext)             \AppendGraphicsExtensions on input line 433.
(/usr/share/texmf-texlive/tex/latex/latexconfig/epstopdf-sys.cfg
File: epstopdf-sys.cfg 2009/10/26 v1.1 Configuration of epstopdf for TeX Live
)))
(/usr/share/texmf-texlive/tex/latex/tools/tabularx.sty
Package: tabularx 1999/01/07 v2.07 `tabularx' package (DPC)

(/usr/share/texmf-texlive/tex/latex/tools/array.sty
Package: array 2008/09/09 v2.4c Tabular extension package (FMi)
\col@sep=\dimen136
\extrarowheight=\dimen137
\NC@list=\toks24
\extratabsurround=\skip54
\backup@length=\skip55
)
\TX@col@width=\dimen138
\TX@old@table=\dimen139
\TX@old@col=\dimen140
\TX@target=\dimen141
\TX@delta=\dimen142
\TX@cols=\count121
\TX@ftn=\toks25
)
(/usr/share/texmf-texlive/tex/latex/base/fontenc.sty
Package: fontenc 2005/09/27 v1.99g Standard LaTeX package

(/usr/share/texmf-texlive/tex/latex/base/t1enc.def
File: t1enc.def 2005/09/27 v1.99g Standard LaTeX file
LaTeX Font Info:    Redeclaring font encoding T1 on input line 43.
))
(/usr/share/texmf-texlive/tex/latex/base/inputenc.sty
Package: inputenc 2008/03/30 v1.1d Input encoding file
\inpenc@prehook=\toks26
\inpenc@posthook=\toks27

(/usr/share/texmf-texlive/tex/latex/base/utf8.def
File: utf8.def 2008/04/05 v1.1m UTF-8 support for inputenc
Now handling font encoding OML ...
... no UTF-8 mapping file for font encoding OML
Now handling font encoding T1 ...
... processing UTF-8 mapping file for font encoding T1

(/usr/share/texmf-texlive/tex/latex/base/t1enc.dfu
File: t1enc.dfu 2008/04/05 v1.1m UTF-8 support for inputenc
   defining Unicode char U+00A1 (decimal 161)
   defining Unicode char U+00A3 (decimal 163)
   defining Unicode char U+00AB (decimal 171)
   defining Unicode char U+00BB (decimal 187)
   defining Unicode char U+00BF (decimal 191)
   defining Unicode char U+00C0 (decimal 192)
   defining Unicode char U+00C1 (decimal 193)
   defining Unicode char U+00C2 (decimal 194)
   defining Unicode char U+00C3 (decimal 195)
   defining Unicode char U+00C4 (decimal 196)
   defining Unicode char U+00C5 (decimal 197)
   defining Unicode char U+00C6 (decimal 198)
   defining Unicode char U+00C7 (decimal 199)
   defining Unicode char U+00C8 (decimal 200)
   defining Unicode char U+00C9 (decimal 201)
   defining Unicode char U+00CA (decimal 202)
   defining Unicode char U+00CB (decimal 203)
   defining Unicode char U+00CC (decimal 204)
   defining Unicode char U+00CD (decimal 205)
   defining Unicode char U+00CE (decimal 206)
   defining Unicode char U+00CF (decimal 207)
   defining Unicode char U+00D0 (decimal 208)
   defining Unicode char U+00D1 (decimal 209)
   defining Unicode char U+00D2 (decimal 210)
   defining Unicode char U+00D3 (decimal 211)
   defining Unicode char U+00D4 (decimal 212)
   defining Unicode char U+00D5 (decimal 213)
   defining Unicode char U+00D6 (decimal 214)
   defining Unicode char U+00D8 (decimal 216)
   defining Unicode char U+00D9 (decimal 217)
   defining Unicode char U+00DA (decimal 218)
   defining Unicode char U+00DB (decimal 219)
   defining Unicode char U+00DC (decimal 220)
   defining Unicode char U+00DD (decimal 221)
   defining Unicode char U+00DE (decimal 222)
   defining Unicode char U+00DF (decimal 223)
   defining Unicode char U+00E0 (decimal 224)
   defining Unicode char U+00E1 (decimal 225)
   defining Unicode char U+00E2 (decimal 226)
   defining Unicode char U+00E3 (decimal 227)
   defining Unicode char U+00E4 (decimal 228)
   defining Unicode char U+00E5 (decimal 229)
   defining Unicode char U+00E6 (decimal 230)
   defining Unicode char U+00E7 (decimal 231)
   defining Unicode char U+00E8 (decimal 232)
   defining Unicode char U+00E9 (decimal 233)
   defining Unicode char U+00EA (decimal 234)
   defining Unicode char U+00EB (decimal 235)
   defining Unicode char U+00EC (decimal 236)
   defining Unicode char U+00ED (decimal 237)
   defining Unicode char U+00EE (decimal 238)
   defining Unicode char U+00EF (decimal 239)
   defining Unicode char U+00F0 (decimal 240)
   defining Unicode char U+00F1 (decimal 241)
   defining Unicode char U+00F2 (decimal 242)
   defining Unicode char U+00F3 (decimal 243)
   defining Unicode char U+00F4 (decimal 244)
   defining Unicode char U+00F5 (decimal 245)
   defining Unicode char U+00F6 (decimal 246)
   defining Unicode char U+00F8 (decimal 248)
   defining Unicode char U+00F9 (decimal 249)
   defining Unicode char U+00FA (decimal 250)
   defining Unicode char U+00FB (decimal 251)
   defining Unicode char U+00FC (decimal 252)
   defining Unicode char U+00FD (decimal 253)
   defining Unicode char U+00FE (decimal 254)
   defining Unicode char U+00FF (decimal 255)
   defining Unicode char U+0102 (decimal 258)
   defining Unicode char U+0103 (decimal 259)
   defining Unicode char U+0104 (decimal 260)
   defining Unicode char U+0105 (decimal 261)
   defining Unicode char U+0106 (decimal 262)
   defining Unicode char U+0107 (decimal 263)
   defining Unicode char U+010C (decimal 268)
   defining Unicode char U+010D (decimal 269)
   defining Unicode char U+010E (decimal 270)
   defining Unicode char U+010F (decimal 271)
   defining Unicode char U+0110 (decimal 272)
   defining Unicode char U+0111 (decimal 273)
   defining Unicode char U+0118 (decimal 280)
   defining Unicode char U+0119 (decimal 281)
   defining Unicode char U+011A (decimal 282)
   defining Unicode char U+011B (decimal 283)
   defining Unicode char U+011E (decimal 286)
   defining Unicode char U+011F (decimal 287)
   defining Unicode char U+0130 (decimal 304)
   defining Unicode char U+0131 (decimal 305)
   defining Unicode char U+0132 (decimal 306)
   defining Unicode char U+0133 (decimal 307)
   defining Unicode char U+0139 (decimal 313)
   defining Unicode char U+013A (decimal 314)
   defining Unicode char U+013D (decimal 317)
   defining Unicode char U+013E (decimal 318)
   defining Unicode char U+0141 (decimal 321)
   defining Unicode char U+0142 (decimal 322)
   defining Unicode char U+0143 (decimal 323)
   defining Unicode char U+0144 (decimal 324)
   defining Unicode char U+0147 (decimal 327)
   defining Unicode char U+0148 (decimal 328)
   defining Unicode char U+014A (decimal 330)
   defining Unicode char U+014B (decimal 331)
   defining Unicode char U+0150 (decimal 336)
   defining Unicode char U+0151 (decimal 337)
   defining Unicode char U+0152 (decimal 338)
   defining Unicode char U+0153 (decimal 339)
   defining Unicode char U+0154 (decimal 340)
   defining Unicode char U+0155 (decimal 341)
   defining Unicode char U+0158 (decimal 344)
   defining Unicode char U+0159 (decimal 345)
   defining Unicode char U+015A (decimal 346)
   defining Unicode char U+015B (decimal 347)
   defining Unicode char U+015E (decimal 350)
   defining Unicode char U+015F (decimal 351)
   defining Unicode char U+0160 (decimal 352)
   defining Unicode char U+0161 (decimal 353)
   defining Unicode char U+0162 (decimal 354)
   defining Unicode char U+0163 (decimal 355)
   defining Unicode char U+0164 (decimal 356)
   defining Unicode char U+0165 (decimal 357)
   defining Unicode char U+016E (decimal 366)
   defining Unicode char U+016F (decimal 367)
   defining Unicode char U+0170 (decimal 368)
   defining Unicode char U+0171 (decimal 369)
   defining Unicode char U+0178 (decimal 376)
   defining Unicode char U+0179 (decimal 377)
   defining Unicode char U+017A (decimal 378)
   defining Unicode char U+017B (decimal 379)
   defining Unicode char U+017C (decimal 380)
   defining Unicode char U+017D (decimal 381)
   defining Unicode char U+017E (decimal 382)
   defining Unicode char U+200C (decimal 8204)
   defining Unicode char U+2013 (decimal 8211)
   defining Unicode char U+2014 (decimal 8212)
   defining Unicode char U+2018 (decimal 8216)
   defining Unicode char U+2019 (decimal 8217)
   defining Unicode char U+201A (decimal 8218)
   defining Unicode char U+201C (decimal 8220)
   defining Unicode char U+201D (decimal 8221)
   defining Unicode char U+201E (decimal 8222)
   defining Unicode char U+2030 (decimal 8240)
   defining Unicode char U+2031 (decimal 8241)
   defining Unicode char U+2039 (decimal 8249)
   defining Unicode char U+203A (decimal 8250)
   defining Unicode char U+2423 (decimal 9251)
)
Now handling font encoding OT1 ...
... processing UTF-8 mapping file for font encoding OT1

(/usr/share/texmf-texlive/tex/latex/base/ot1enc.dfu
File: ot1enc.dfu 2008/04/05 v1.1m UTF-8 support for inputenc
   defining Unicode char U+00A1 (decimal 161)
   defining Unicode char U+00A3 (decimal 163)
   defining Unicode char U+00B8 (decimal 184)
   defining Unicode char U+00BF (decimal 191)
   defining Unicode char U+00C5 (decimal 197)
   defining Unicode char U+00C6 (decimal 198)
   defining Unicode char U+00D8 (decimal 216)
   defining Unicode char U+00DF (decimal 223)
   defining Unicode char U+00E6 (decimal 230)
   defining Unicode char U+00EC (decimal 236)
   defining Unicode char U+00ED (decimal 237)
   defining Unicode char U+00EE (decimal 238)
   defining Unicode char U+00EF (decimal 239)
   defining Unicode char U+00F8 (decimal 248)
   defining Unicode char U+0131 (decimal 305)
   defining Unicode char U+0141 (decimal 321)
   defining Unicode char U+0142 (decimal 322)
   defining Unicode char U+0152 (decimal 338)
   defining Unicode char U+0153 (decimal 339)
   defining Unicode char U+2013 (decimal 8211)
   defining Unicode char U+2014 (decimal 8212)
   defining Unicode char U+2018 (decimal 8216)
   defining Unicode char U+2019 (decimal 8217)
   defining Unicode char U+201C (decimal 8220)
   defining Unicode char U+201D (decimal 8221)
)
Now handling font encoding OMS ...
... processing UTF-8 mapping file for font encoding OMS

(/usr/share/texmf-texlive/tex/latex/base/omsenc.dfu
File: omsenc.dfu 2008/04/05 v1.1m UTF-8 support for inputenc
   defining Unicode char U+00A7 (decimal 167)
   defining Unicode char U+00B6 (decimal 182)
   defining Unicode char U+00B7 (decimal 183)
   defining Unicode char U+2020 (decimal 8224)
   defining Unicode char U+2021 (decimal 8225)
   defining Unicode char U+2022 (decimal 8226)
)
Now handling font encoding OMX ...
... no UTF-8 mapping file for font encoding OMX
Now handling font encoding U ...
... no UTF-8 mapping file for font encoding U
   defining Unicode char U+00A9 (decimal 169)
   defining Unicode char U+00AA (decimal 170)
   defining Unicode char U+00AE (decimal 174)
   defining Unicode char U+00BA (decimal 186)
   defining Unicode char U+02C6 (decimal 710)
   defining Unicode char U+02DC (decimal 732)
   defining Unicode char U+200C (decimal 8204)
   defining Unicode char U+2026 (decimal 8230)
   defining Unicode char U+2122 (decimal 8482)
   defining Unicode char U+2423 (decimal 9251)
))
(/usr/share/texmf-texlive/tex/latex/floatrow/floatrow.sty
Package: floatrow 2008/08/02 v0.3b floatrow: float package extension
\c@float@type=\count122
\float@exts=\toks28
\float@box=\box44
\@floatcapt=\box45
Package floatrow Info: Modified float package code loaded on input line 455.
Package floatrow Info: Modified rotfloat package code loaded on input line 473.

\FR@everyfloat=\toks29
\flrow@foot=\insert233
\FB@wd=\dimen143
\FBo@wd=\dimen144
\FBc@wd=\dimen145
\FBo@ht=\skip56
\FBc@ht=\skip57
\FBf@ht=\skip58
\FBo@max=\skip59
\FBc@max=\skip60
\FBf@max=\skip61
\c@FBl@b=\count123
\floatbox@depth=\count124
\c@FRobj=\count125
\c@FRsobj=\count126
\Xhsize=\skip62
\sXhsize=\skip63
\Zhsize=\skip64
\sZhsize=\skip65
\flrow@rowbox=\box46
\FR@Zunitlength=\dimen146
\c@FBcnt=\count127
\FPOScnt=\count128
\LTleft=\skip66
\LTright=\skip67
\LTleft=\skip68
\LTright=\skip69
\flrow@types=\toks30
)
(/usr/share/texmf-texlive/tex/latex/tools/dcolumn.sty
Package: dcolumn 2001/05/28 v1.06 decimal alignment package (DPC)
)
(/usr/share/texmf-texlive/tex/latex/tools/bm.sty
Package: bm 2004/02/26 v1.1c Bold Symbol Support (DPC/FMi)
\symboldoperators=\mathgroup6
\symboldletters=\mathgroup7
\symboldsymbols=\mathgroup8
LaTeX Font Info:    Redeclaring math alphabet \mathbf on input line 138.
LaTeX Info: Redefining \bm on input line 204.
) (./Qcircuit.tex
(/usr/share/texmf-texlive/tex/generic/xypic/xy.sty
(/usr/share/texmf-texlive/tex/generic/xypic/xy.tex Bootstrap'ing: catcodes,
docmode, (/usr/share/texmf-texlive/tex/generic/xypic/xyrecat.tex)
(/usr/share/texmf-texlive/tex/generic/xypic/xyidioms.tex)

 Xy-pic version 3.7 <1999/02/16>
 Copyright (c) 1991-1998 by Kristoffer H. Rose <krisrose@ens-lyon.fr>
 Xy-pic is free software: see the User's Guide for details.

Loading kernel: messages; fonts; allocations: state,
\X@c=\dimen147
\Y@c=\dimen148
\U@c=\dimen149
\D@c=\dimen150
\L@c=\dimen151
\R@c=\dimen152
\Edge@c=\toks31
\X@p=\dimen153
\Y@p=\dimen154
\U@p=\dimen155
\D@p=\dimen156
\L@p=\dimen157
\R@p=\dimen158
\Edge@p=\toks32
\X@origin=\dimen159
\Y@origin=\dimen160
\X@xbase=\dimen161
\Y@xbase=\dimen162
\X@ybase=\dimen163
\Y@ybase=\dimen164
\X@min=\dimen165
\Y@min=\dimen166
\X@max=\dimen167
\Y@max=\dimen168
\lastobjectbox@=\box47
\zerodotbox@=\box48
\almostz@=\dimen169
 direction,
\d@X=\dimen170
\d@Y=\dimen171
\K@=\count129
\KK@=\count130
\Direction=\count131
\K@dXdY=\dimen172
\K@dYdX=\dimen173
\xyread@=\read1
\xywrite@=\write4
\csp@=\count132
\quotPTK@=\dimen174

utility macros; pictures: \xy, positions,
\swaptoks@@=\toks33
\connectobjectbox@@=\box49
 objects,
\styletoks@=\toks34
 decorations;
kernel objects: directionals, circles, text; options; algorithms: directions,
edges, connections;  Xy-pic loaded)
Package: xy 1999/02/16 Xy-pic version 3.7
)
(/usr/share/texmf-texlive/tex/generic/xypic/xymatrix.tex
 Xy-pic option: Matrix feature v.3.4
\Row=\count133
\Col=\count134
\queue@=\toks35
\queue@@=\toks36
\qcount@=\count135
\qcount@@=\count136
\matrixsize@=\count137
 loaded)
(/usr/share/texmf-texlive/tex/generic/xypic/xyframe.tex
 Xy-pic option: Frame and Bracket extension v.3.7 loaded)
(/usr/share/texmf-texlive/tex/generic/xypic/xyarrow.tex
 Xy-pic option: Arrow and Path feature v.3.5 path, \ar, loaded)
(/usr/share/texmf-texlive/tex/generic/xypic/xyarc.tex
 Xy-pic option: Circle, Ellipse, Arc feature v.3.4
(/usr/share/texmf-texlive/tex/generic/xypic/xycurve.tex
 Xy-pic option: Curve and Spline extension v.3.7 curve,
\crv@cnt@=\count138
\crvpts@=\toks37
\splinebox@=\box50
\splineval@=\dimen175
\splinedepth@=\dimen176
\splinetol@=\dimen177
\splinelength@=\dimen178
 circles,
\L@=\dimen179
 loaded)
circles, ellipses, elliptical arcs, loaded)
(/usr/share/texmf-texlive/tex/generic/oberdiek/ifpdf.sty
Package: ifpdf 2009/04/10 v2.0 Provides the ifpdf switch (HO)
Package ifpdf Info: pdfTeX in pdf mode detected.
))
Class revtex4-1 Info: Patching array package. on input line 77.


Class revtex4-1 Warning: Failed to patch the float package.

Class revtex4-1 Info: Robustifying \LaTeX's \boldmath command on input line 77.

Class revtex4-1 Info: cite was not loaded (OK!) on input line 77.
Class revtex4-1 Info: mcite was not loaded (OK!) on input line 77.
Class revtex4-1 Info: multicol was not loaded (OK!) on input line 77.
(./fpa.aux)
\openout1 = `fpa.aux'.

LaTeX Font Info:    Checking defaults for OML/cmm/m/it on input line 77.
LaTeX Font Info:    ... okay on input line 77.
LaTeX Font Info:    Checking defaults for T1/cmr/m/n on input line 77.
LaTeX Font Info:    ... okay on input line 77.
LaTeX Font Info:    Checking defaults for OT1/cmr/m/n on input line 77.
LaTeX Font Info:    ... okay on input line 77.
LaTeX Font Info:    Checking defaults for OMS/cmsy/m/n on input line 77.
LaTeX Font Info:    ... okay on input line 77.
LaTeX Font Info:    Checking defaults for OMX/cmex/m/n on input line 77.
LaTeX Font Info:    ... okay on input line 77.
LaTeX Font Info:    Checking defaults for U/cmr/m/n on input line 77.
LaTeX Font Info:    ... okay on input line 77.
Package caption Info: Begin \AtBeginDocument code.
Package caption3 Info: subfig package 1.2 or 1.3 is loaded.
LaTeX Info: Redefining \subref on input line 77.
Package caption Info: float package is loaded.
Package caption Info: floatrow package is loaded.
Package caption Info: End \AtBeginDocument code.
 (/usr/share/texmf-texlive/tex/context/base/supp-pdf.mkii
[Loading MPS to PDF converter (version 2006.09.02).]
\scratchcounter=\count139
\scratchdimen=\dimen180
\scratchbox=\box51
\nofMPsegments=\count140
\nofMParguments=\count141
\everyMPshowfont=\toks38
\MPscratchCnt=\count142
\MPscratchDim=\dimen181
\MPnumerator=\count143
\everyMPtoPDFconversion=\toks39
) (/usr/share/texmf-texlive/tex/latex/graphics/color.sty
Package: color 2005/11/14 v1.0j Standard LaTeX Color (DPC)

(/etc/texmf/tex/latex/config/color.cfg
File: color.cfg 2007/01/18 v1.5 color configuration of teTeX/TeXLive
)
Package color Info: Driver file: pdftex.def on input line 130.
)
(/usr/share/texmf-texlive/tex/latex/floatrow/fr-subfig.sty
Package: fr-subfig 2007/12/24 v0.1g (beta) floatrow: additions for subfig
\FBsc@max=\skip70
\FBso@max=\skip71
)
\openout3 = `fpaNotes.bib'.



Class revtex4-1 Warning: If you want your keywords to appear in your output, us
e document class option showkeys.

LaTeX Font Info:    Try loading font information for U+msa on input line 124.
(/usr/share/texmf-texlive/tex/latex/amsfonts/umsa.fd
File: umsa.fd 2009/06/22 v3.00 AMS symbols A
)
LaTeX Font Info:    Try loading font information for U+msb on input line 124.

(/usr/share/texmf-texlive/tex/latex/amsfonts/umsb.fd
File: umsb.fd 2009/06/22 v3.00 AMS symbols B
) [1{/var/lib/texmf/fonts/map/pdftex/updmap/pdftex.map}] <xymatrix 9x3 1041> <x
ymatrix 9x3 1041>
<xymatrix 16x3 2341> [2]
Package epstopdf Info: Source file: <algorithm.eps>
(epstopdf)                    date: 2013-06-15 12:16:30
(epstopdf)                    size: 19899 bytes
(epstopdf)             Output file: <algorithm-eps-converted-to.pdf>
(epstopdf)                    date: 2013-06-15 12:16:31
(epstopdf)                    size: 11561 bytes
(epstopdf)             Command: <epstopdf --outfile=algorithm-eps-converted-to.
pdf algorithm.eps>
(epstopdf)             \includegraphics on input line 288.
Package epstopdf Info: Output file is already uptodate.

<algorithm-eps-converted-to.pdf, id=31, 601.24625pt x 719.68875pt>
File: algorithm-eps-converted-to.pdf Graphic file (type pdf)

<use algorithm-eps-converted-to.pdf> [3 <./algorithm-eps-converted-to.pdf>]
Package epstopdf Info: Source file: <conditional-swap.eps>
(epstopdf)                    date: 2013-06-13 23:47:55
(epstopdf)                    size: 28057 bytes
(epstopdf)             Output file: <conditional-swap-eps-converted-to.pdf>
(epstopdf)                    date: 2013-06-13 23:47:55
(epstopdf)                    size: 11736 bytes
(epstopdf)             Command: <epstopdf --outfile=conditional-swap-eps-conver
ted-to.pdf conditional-swap.eps>
(epstopdf)             \includegraphics on input line 323.
Package epstopdf Info: Output file is already uptodate.

<conditional-swap-eps-converted-to.pdf, id=42, 591.20876pt x 230.8625pt>
File: conditional-swap-eps-converted-to.pdf Graphic file (type pdf)

<use conditional-swap-eps-converted-to.pdf> <xymatrix 9x3 1075>
Package epstopdf Info: Source file: <RHSblock1.eps>
(epstopdf)                    date: 2013-06-13 14:18:43
(epstopdf)                    size: 5281 bytes
(epstopdf)             Output file: <RHSblock1-eps-converted-to.pdf>
(epstopdf)                    date: 2013-06-13 14:18:43
(epstopdf)                    size: 5125 bytes
(epstopdf)             Command: <epstopdf --outfile=RHSblock1-eps-converted-to.
pdf RHSblock1.eps>
(epstopdf)             \includegraphics on input line 346.
Package epstopdf Info: Output file is already uptodate.

<RHSblock1-eps-converted-to.pdf, id=43, 224.84pt x 206.7725pt>
File: RHSblock1-eps-converted-to.pdf Graphic file (type pdf)

<use RHSblock1-eps-converted-to.pdf>
Overfull \hbox (17.83989pt too wide) in paragraph at lines 346--346
 [][] 
 []

<xymatrix 10x4 1501>
Overfull \hbox (6.39946pt too wide) in paragraph at lines 365--366
 [][] 
 []

Package epstopdf Info: Source file: <RHSblock2.eps>
(epstopdf)                    date: 2013-06-13 14:19:16
(epstopdf)                    size: 5933 bytes
(epstopdf)             Output file: <RHSblock2-eps-converted-to.pdf>
(epstopdf)                    date: 2013-06-13 14:19:17
(epstopdf)                    size: 5242 bytes
(epstopdf)             Command: <epstopdf --outfile=RHSblock2-eps-converted-to.
pdf RHSblock2.eps>
(epstopdf)             \includegraphics on input line 372.
Package epstopdf Info: Output file is already uptodate.
<RHSblock2-eps-converted-to.pdf, id=44, 226.8475pt x 212.795pt>
File: RHSblock2-eps-converted-to.pdf Graphic file (type pdf)

<use RHSblock2-eps-converted-to.pdf>
Overfull \hbox (17.83989pt too wide) in paragraph at lines 372--372
 [][] 
 []

<xymatrix 10x4 1580>
Package epstopdf Info: Source file: <RFSblock1.eps>
(epstopdf)                    date: 2013-06-13 14:17:20
(epstopdf)                    size: 5933 bytes
(epstopdf)             Output file: <RFSblock1-eps-converted-to.pdf>
(epstopdf)                    date: 2013-06-10 18:54:43
(epstopdf)                    size: 5348 bytes
(epstopdf)             Command: <epstopdf --outfile=RFSblock1-eps-converted-to.
pdf RFSblock1.eps>
(epstopdf)             \includegraphics on input line 400.
runsystem(epstopdf --outfile=RFSblock1-eps-converted-to.pdf RFSblock1.eps)...di
sabled.

Package epstopdf Info: Result file: <RFSblock1-eps-converted-to.pdf>
(epstopdf)                    date: 2013-06-10 18:54:43
(epstopdf)                    size: 5348 bytes.

<RFSblock1-eps-converted-to.pdf, id=45, 226.8475pt x 212.795pt>
File: RFSblock1-eps-converted-to.pdf Graphic file (type pdf)

<use RFSblock1-eps-converted-to.pdf>
Overfull \hbox (10.17877pt too wide) in paragraph at lines 400--400
 [][] 
 []

<xymatrix 11x4 1800>
Package epstopdf Info: Source file: <RFSblock2.eps>
(epstopdf)                    date: 2013-06-13 14:17:41
(epstopdf)                    size: 5933 bytes
(epstopdf)             Output file: <RFSblock2-eps-converted-to.pdf>
(epstopdf)                    date: 2013-06-10 18:55:06
(epstopdf)                    size: 5375 bytes
(epstopdf)             Command: <epstopdf --outfile=RFSblock2-eps-converted-to.
pdf RFSblock2.eps>
(epstopdf)             \includegraphics on input line 428.
runsystem(epstopdf --outfile=RFSblock2-eps-converted-to.pdf RFSblock2.eps)...di
sabled.

Package epstopdf Info: Result file: <RFSblock2-eps-converted-to.pdf>
(epstopdf)                    date: 2013-06-10 18:55:06
(epstopdf)                    size: 5375 bytes.

<RFSblock2-eps-converted-to.pdf, id=46, 226.8475pt x 212.795pt>
File: RFSblock2-eps-converted-to.pdf Graphic file (type pdf)

<use RFSblock2-eps-converted-to.pdf>
Overfull \hbox (10.17877pt too wide) in paragraph at lines 428--428
 [][] 
 []

Package epstopdf Info: Source file: <proposed-alignment.eps>
(epstopdf)                    date: 2013-06-16 20:59:57
(epstopdf)                    size: 11407 bytes
(epstopdf)             Output file: <proposed-alignment-eps-converted-to.pdf>
(epstopdf)                    date: 2013-06-16 20:59:57
(epstopdf)                    size: 9620 bytes
(epstopdf)             Command: <epstopdf --outfile=proposed-alignment-eps-conv
erted-to.pdf proposed-alignment.eps>
(epstopdf)             \includegraphics on input line 445.
Package epstopdf Info: Output file is already uptodate.
<proposed-alignment-eps-converted-to.pdf, id=47, 680.5425pt x 311.1625pt>
File: proposed-alignment-eps-converted-to.pdf Graphic file (type pdf)

<use proposed-alignment-eps-converted-to.pdf>
Package epstopdf Info: Source file: <checker.eps>
(epstopdf)                    date: 2013-06-13 23:50:31
(epstopdf)                    size: 20383 bytes
(epstopdf)             Output file: <checker-eps-converted-to.pdf>
(epstopdf)                    date: 2013-06-13 23:50:31
(epstopdf)                    size: 8966 bytes
(epstopdf)             Command: <epstopdf --outfile=checker-eps-converted-to.pd
f checker.eps>
(epstopdf)             \includegraphics on input line 456.
Package epstopdf Info: Output file is already uptodate.

<checker-eps-converted-to.pdf, id=48, 492.84125pt x 226.8475pt>
File: checker-eps-converted-to.pdf Graphic file (type pdf)

<use checker-eps-converted-to.pdf>

LaTeX Warning: `h' float specifier changed to `ht'.

Package epstopdf Info: Source file: <converter_dia.eps>
(epstopdf)                    date: 2013-06-13 23:02:02
(epstopdf)                    size: 8170 bytes
(epstopdf)             Output file: <converter_dia-eps-converted-to.pdf>
(epstopdf)                    date: 2013-06-13 23:02:02
(epstopdf)                    size: 5457 bytes
(epstopdf)             Command: <epstopdf --outfile=converter_dia-eps-converted
-to.pdf converter_dia.eps>
(epstopdf)             \includegraphics on input line 470.
Package epstopdf Info: Output file is already uptodate.
<converter_dia-eps-converted-to.pdf, id=49, 200.75pt x 130.4875pt>
File: converter_dia-eps-converted-to.pdf Graphic file (type pdf)

<use converter_dia-eps-converted-to.pdf>
Overfull \hbox (39.8923pt too wide) in paragraph at lines 470--471
 [][] 
 []

Package epstopdf Info: Source file: <converter.eps>
(epstopdf)                    date: 2013-06-13 22:47:21
(epstopdf)                    size: 11007 bytes
(epstopdf)             Output file: <converter-eps-converted-to.pdf>
(epstopdf)                    date: 2013-06-13 22:47:21
(epstopdf)                    size: 6484 bytes
(epstopdf)             Command: <epstopdf --outfile=converter-eps-converted-to.
pdf converter.eps>
(epstopdf)             \includegraphics on input line 474.
Package epstopdf Info: Output file is already uptodate.
<converter-eps-converted-to.pdf, id=50, 427.5975pt x 152.57pt>
File: converter-eps-converted-to.pdf Graphic file (type pdf)

<use converter-eps-converted-to.pdf>

LaTeX Warning: `h' float specifier changed to `ht'.

<xymatrix 14x8 4501>
Overfull \hbox (4.96437pt too wide) in paragraph at lines 507--507
 [][] 
 []

Package epstopdf Info: Source file: <RLZCdiagram.eps>
(epstopdf)                    date: 2013-06-16 06:55:57
(epstopdf)                    size: 5574 bytes
(epstopdf)             Output file: <RLZCdiagram-eps-converted-to.pdf>
(epstopdf)                    date: 2013-06-16 06:55:57
(epstopdf)                    size: 5181 bytes
(epstopdf)             Command: <epstopdf --outfile=RLZCdiagram-eps-converted-t
o.pdf RLZCdiagram.eps>
(epstopdf)             \includegraphics on input line 512.
Package epstopdf Info: Output file is already uptodate.
<RLZCdiagram-eps-converted-to.pdf, id=51, 255.95625pt x 175.65625pt>
File: RLZCdiagram-eps-converted-to.pdf Graphic file (type pdf)

<use RLZCdiagram-eps-converted-to.pdf>
Overfull \hbox (21.82207pt too wide) in paragraph at lines 512--513
 [][] 
 []

Package epstopdf Info: Source file: <normalization.eps>
(epstopdf)                    date: 2013-06-16 21:48:24
(epstopdf)                    size: 32221 bytes
(epstopdf)             Output file: <normalization-eps-converted-to.pdf>
(epstopdf)                    date: 2013-06-16 21:48:24
(epstopdf)                    size: 14245 bytes
(epstopdf)             Command: <epstopdf --outfile=normalization-eps-converted
-to.pdf normalization.eps>
(epstopdf)             \includegraphics on input line 523.
Package epstopdf Info: Output file is already uptodate.
<normalization-eps-converted-to.pdf, id=52, 1314.9125pt x 699.61375pt>
File: normalization-eps-converted-to.pdf Graphic file (type pdf)

<use normalization-eps-converted-to.pdf>
Package epstopdf Info: Source file: <RLZC-example.eps>
(epstopdf)                    date: 2013-02-24 11:37:26
(epstopdf)                    size: 11495 bytes
(epstopdf)             Output file: <RLZC-example-eps-converted-to.pdf>
(epstopdf)                    date: 2013-02-24 11:38:14
(epstopdf)                    size: 6852 bytes
(epstopdf)             Command: <epstopdf --outfile=RLZC-example-eps-converted-
to.pdf RLZC-example.eps>
(epstopdf)             \includegraphics on input line 532.
Package epstopdf Info: Output file is already uptodate.

<RLZC-example-eps-converted-to.pdf, id=53, 430.60875pt x 401.5pt>
File: RLZC-example-eps-converted-to.pdf Graphic file (type pdf)

<use RLZC-example-eps-converted-to.pdf>

LaTeX Warning: `h' float specifier changed to `ht'.

[4] [5 <./conditional-swap-eps-converted-to.pdf> <./RHSblock1-eps-converted-to.
pdf> <./RHSblock2-eps-converted-to.pdf> <./RFSblock1-eps-converted-to.pdf> <./R
FSblock2-eps-converted-to.pdf>] [6 <./proposed-alignment-eps-converted-to.pdf> 
<./checker-eps-converted-to.pdf> <./converter_dia-eps-converted-to.pdf> <./conv
erter-eps-converted-to.pdf> <./RLZCdiagram-eps-converted-to.pdf>] [7 <./normali
zation-eps-converted-to.pdf> <./RLZC-example-eps-converted-to.pdf>] <xymatrix
15x3 2159> <xymatrix 19x3 2513> <xymatrix 17x3 2217> <xymatrix 10x8 2532>
<xymatrix 11x2 1102> <xymatrix 11x2 1102>

LaTeX Warning: `h' float specifier changed to `ht'.

[8]

LaTeX Warning: A float is stuck (cannot be placed); try class option [floatfix]
 on input line 725.

<xymatrix 16x4 3037> <xymatrix 14x3 2045> <xymatrix 15x4 2661>

LaTeX Warning: `h' float specifier changed to `ht'.

<xymatrix 22x4 4132> <xymatrix 22x4 4200>
Underfull \hbox (badness 2781) in paragraph at lines 839--840
[]\T1/cmr/m/n/10 With im-prove-ments in the two most hardware-
 []

(./fpa.bbl
Underfull \hbox (badness 2027) in paragraph at lines 23--26
 \T1/cmr/m/n/9 carry ad-di-tion cir-cuit.  http://arxiv.org/abs/quant-
 []

[9]
LaTeX Font Info:    Try loading font information for T1+cmtt on input line 112.

 (/usr/share/texmf-texlive/tex/latex/base/t1cmtt.fd
File: t1cmtt.fd 1999/05/25 v2.5h Standard LaTeX font definitions
)
Underfull \hbox (badness 4168) in paragraph at lines 109--113
 []\T1/cmr/m/n/9 Wikipedia.  Single-precision floating-point for-mat.
 []


Underfull \hbox (badness 10000) in paragraph at lines 109--113
 \T1/cmtt/m/n/9 http : / / en . wikipedia . org / wiki / Single-[]precision _
 []

) [10] [11] (./fpa.aux) ) 
Here is how much of TeX's memory you used:
 8918 strings out of 495061
 116682 string characters out of 1182622
 783779 words of memory out of 3000000
 11903 multiletter control sequences out of 15000+50000
 24114 words of font info for 74 fonts, out of 3000000 for 9000
 28 hyphenation exceptions out of 8191
 44i,29n,54p,1326b,1361s stack positions out of 5000i,500n,10000p,200000b,50000s
 </home/duc/.texmf-var/fonts/pk/ljfour/jknappen/ec/ect
t0900.600pk> </home/duc/.texmf-var/fonts/pk/ljfour/jknappen/ec/ecbx1000.600pk> 
</home/duc/.texmf-var/fonts/pk/ljfour/jknappen/ec/ecrm0800.600pk> </home/duc/.t
exmf-var/fonts/pk/ljfour/jknappen/ec/eccc1000.600pk> </home/duc/.texmf-var/font
s/pk/ljfour/jknappen/ec/ecti1000.600pk> </home/duc/.texmf-var/fonts/pk/ljfour/j
knappen/ec/ecbx0900.600pk> </home/duc/.texmf-var/fonts/pk/ljfour/jknappen/ec/ec
rm0900.600pk> </home/duc/.texmf-var/fonts/pk/ljfour/jknappen/ec/ecti0900.600pk>
 </home/duc/.texmf-var/fonts/pk/ljfour/jknappen/ec/ecrm1000.600pk> </home/duc/.
texmf-var/fonts/pk/ljfour/jknappen/ec/ecbx1200.600pk></usr/share/texmf-texlive/
fonts/type1/public/amsfonts/cm/cmex10.pfb></usr/share/texmf-texlive/fonts/type1
/public/amsfonts/cmextra/cmex9.pfb></usr/share/texmf-texlive/fonts/type1/public
/amsfonts/cm/cmmi10.pfb></usr/share/texmf-texlive/fonts/type1/public/amsfonts/c
m/cmmi5.pfb></usr/share/texmf-texlive/fonts/type1/public/amsfonts/cm/cmmi7.pfb>
</usr/share/texmf-texlive/fonts/type1/public/amsfonts/cm/cmmi8.pfb></usr/share/
texmf-texlive/fonts/type1/public/amsfonts/cm/cmmi9.pfb></usr/share/texmf-texliv
e/fonts/type1/public/amsfonts/cm/cmr10.pfb></usr/share/texmf-texlive/fonts/type
1/public/amsfonts/cm/cmr5.pfb></usr/share/texmf-texlive/fonts/type1/public/amsf
onts/cm/cmr7.pfb></usr/share/texmf-texlive/fonts/type1/public/amsfonts/cm/cmr9.
pfb></usr/share/texmf-texlive/fonts/type1/public/amsfonts/cm/cmsy10.pfb></usr/s
hare/texmf-texlive/fonts/type1/public/amsfonts/cm/cmsy5.pfb></usr/share/texmf-t
exlive/fonts/type1/public/amsfonts/cm/cmsy6.pfb></usr/share/texmf-texlive/fonts
/type1/public/amsfonts/cm/cmsy7.pfb></usr/share/texmf-texlive/fonts/type1/publi
c/amsfonts/cm/cmsy9.pfb></usr/share/texmf-texlive/fonts/type1/public/xypic/xyda
sh10.pfb>
Output written on fpa.pdf (11 pages, 464197 bytes).
PDF statistics:
 645 PDF objects out of 1000 (max. 8388607)
 0 named destinations out of 1000 (max. 500000)
 66 words of extra memory for PDF output out of 10000 (max. 10000000)

